<?xml version="1.0" encoding="UTF-8"?>
<!-- Generated by org.testng.reporters.JUnitXMLReporter -->
<testsuite hostname="DESKTOP-53AS3PC" name="Default test" tests="7" failures="0" timestamp="10 May 2019 16:57:47 GMT" time="70.274" errors="0">
  <testcase name="accountLastUpdatedDateValidation" time="3.671" classname="twg.entaxy.tests.BrowserDashboardTest"/>
  <testcase name="accountNameValidation" time="3.987" classname="twg.entaxy.tests.BrowserDashboardTest"/>
  <testcase name="importTransactionValidation" time="3.999" classname="twg.entaxy.tests.BrowserDashboardTest"/>
  <testcase name="newAccountDateValidation" time="3.715" classname="twg.entaxy.tests.BrowserDashboardTest"/>
  <testcase name="testNegativeOpeningBalance" time="3.576" classname="twg.entaxy.tests.BrowserDashboardTest"/>
  <testcase name="testSaveButtonEnableValidation" time="3.818" classname="twg.entaxy.tests.BrowserDashboardTest"/>
  <testcase name="testTransactionDuplication" time="4.507" classname="twg.entaxy.tests.BrowserDashboardTest"/>
</testsuite> <!-- Default test -->
