<?xml version="1.0" encoding="UTF-8"?>
<testng-results skipped="0" failed="1" ignored="0" total="8" passed="7">
  <reporter-output>
  </reporter-output>
  <suite name="Suite" duration-ms="91840" started-at="2019-05-10T17:04:38Z" finished-at="2019-05-10T17:06:10Z">
    <groups>
    </groups>
    <test name="Test" duration-ms="91840" started-at="2019-05-10T17:04:38Z" finished-at="2019-05-10T17:06:10Z">
      <class name="twg.entaxy.tests.BrowserDashboardTest">
        <test-method status="PASS" signature="setUpInParent(java.lang.String)[pri:0, instance:twg.entaxy.tests.BrowserDashboardTest@3d36e4cd]" name="setUpInParent" is-config="true" duration-ms="5917" started-at="2019-05-10T17:04:38Z" finished-at="2019-05-10T17:04:44Z">
          <params>
            <param index="0">
              <value>
                <![CDATA[chrome]]>
              </value>
            </param>
          </params>
          <reporter-output>
          </reporter-output>
        </test-method> <!-- setUpInParent -->
        <test-method status="PASS" signature="beforeMethodInBrowserDashboard()[pri:0, instance:twg.entaxy.tests.BrowserDashboardTest@3d36e4cd]" name="beforeMethodInBrowserDashboard" is-config="true" duration-ms="48" started-at="2019-05-10T17:04:44Z" finished-at="2019-05-10T17:04:44Z">
          <reporter-output>
          </reporter-output>
        </test-method> <!-- beforeMethodInBrowserDashboard -->
        <test-method status="PASS" signature="accountLastUpdatedDateValidation()[pri:0, instance:twg.entaxy.tests.BrowserDashboardTest@3d36e4cd]" name="accountLastUpdatedDateValidation" duration-ms="4166" started-at="2019-05-10T17:04:44Z" finished-at="2019-05-10T17:04:48Z">
          <reporter-output>
          </reporter-output>
        </test-method> <!-- accountLastUpdatedDateValidation -->
        <test-method status="PASS" signature="afterMethodInBaseTest()[pri:0, instance:twg.entaxy.tests.BrowserDashboardTest@3d36e4cd]" name="afterMethodInBaseTest" is-config="true" duration-ms="853" started-at="2019-05-10T17:04:48Z" finished-at="2019-05-10T17:04:49Z">
          <reporter-output>
          </reporter-output>
        </test-method> <!-- afterMethodInBaseTest -->
        <test-method status="PASS" signature="setUpInParent(java.lang.String)[pri:0, instance:twg.entaxy.tests.BrowserDashboardTest@3d36e4cd]" name="setUpInParent" is-config="true" duration-ms="5047" started-at="2019-05-10T17:04:49Z" finished-at="2019-05-10T17:04:54Z">
          <params>
            <param index="0">
              <value>
                <![CDATA[chrome]]>
              </value>
            </param>
          </params>
          <reporter-output>
          </reporter-output>
        </test-method> <!-- setUpInParent -->
        <test-method status="PASS" signature="beforeMethodInBrowserDashboard()[pri:0, instance:twg.entaxy.tests.BrowserDashboardTest@3d36e4cd]" name="beforeMethodInBrowserDashboard" is-config="true" duration-ms="11" started-at="2019-05-10T17:04:54Z" finished-at="2019-05-10T17:04:54Z">
          <reporter-output>
          </reporter-output>
        </test-method> <!-- beforeMethodInBrowserDashboard -->
        <test-method status="PASS" signature="accountNameValidation()[pri:0, instance:twg.entaxy.tests.BrowserDashboardTest@3d36e4cd]" name="accountNameValidation" duration-ms="3964" started-at="2019-05-10T17:04:54Z" finished-at="2019-05-10T17:04:58Z">
          <reporter-output>
          </reporter-output>
        </test-method> <!-- accountNameValidation -->
        <test-method status="PASS" signature="afterMethodInBaseTest()[pri:0, instance:twg.entaxy.tests.BrowserDashboardTest@3d36e4cd]" name="afterMethodInBaseTest" is-config="true" duration-ms="862" started-at="2019-05-10T17:04:58Z" finished-at="2019-05-10T17:04:59Z">
          <reporter-output>
          </reporter-output>
        </test-method> <!-- afterMethodInBaseTest -->
        <test-method status="PASS" signature="setUpInParent(java.lang.String)[pri:0, instance:twg.entaxy.tests.BrowserDashboardTest@3d36e4cd]" name="setUpInParent" is-config="true" duration-ms="5474" started-at="2019-05-10T17:04:59Z" finished-at="2019-05-10T17:05:04Z">
          <params>
            <param index="0">
              <value>
                <![CDATA[chrome]]>
              </value>
            </param>
          </params>
          <reporter-output>
          </reporter-output>
        </test-method> <!-- setUpInParent -->
        <test-method status="PASS" signature="beforeMethodInBrowserDashboard()[pri:0, instance:twg.entaxy.tests.BrowserDashboardTest@3d36e4cd]" name="beforeMethodInBrowserDashboard" is-config="true" duration-ms="7" started-at="2019-05-10T17:05:04Z" finished-at="2019-05-10T17:05:04Z">
          <reporter-output>
          </reporter-output>
        </test-method> <!-- beforeMethodInBrowserDashboard -->
        <test-method status="PASS" signature="importTransactionValidation()[pri:0, instance:twg.entaxy.tests.BrowserDashboardTest@3d36e4cd]" name="importTransactionValidation" duration-ms="3934" started-at="2019-05-10T17:05:05Z" finished-at="2019-05-10T17:05:08Z">
          <reporter-output>
          </reporter-output>
        </test-method> <!-- importTransactionValidation -->
        <test-method status="PASS" signature="afterMethodInBaseTest()[pri:0, instance:twg.entaxy.tests.BrowserDashboardTest@3d36e4cd]" name="afterMethodInBaseTest" is-config="true" duration-ms="860" started-at="2019-05-10T17:05:08Z" finished-at="2019-05-10T17:05:09Z">
          <reporter-output>
          </reporter-output>
        </test-method> <!-- afterMethodInBaseTest -->
        <test-method status="PASS" signature="setUpInParent(java.lang.String)[pri:0, instance:twg.entaxy.tests.BrowserDashboardTest@3d36e4cd]" name="setUpInParent" is-config="true" duration-ms="6284" started-at="2019-05-10T17:05:09Z" finished-at="2019-05-10T17:05:16Z">
          <params>
            <param index="0">
              <value>
                <![CDATA[chrome]]>
              </value>
            </param>
          </params>
          <reporter-output>
          </reporter-output>
        </test-method> <!-- setUpInParent -->
        <test-method status="PASS" signature="beforeMethodInBrowserDashboard()[pri:0, instance:twg.entaxy.tests.BrowserDashboardTest@3d36e4cd]" name="beforeMethodInBrowserDashboard" is-config="true" duration-ms="2" started-at="2019-05-10T17:05:16Z" finished-at="2019-05-10T17:05:16Z">
          <reporter-output>
          </reporter-output>
        </test-method> <!-- beforeMethodInBrowserDashboard -->
        <test-method status="FAIL" signature="newAccountDateValidation()[pri:0, instance:twg.entaxy.tests.BrowserDashboardTest@3d36e4cd]" name="newAccountDateValidation" duration-ms="10452" started-at="2019-05-10T17:05:16Z" finished-at="2019-05-10T17:05:26Z">
          <exception class="org.openqa.selenium.NoSuchElementException">
            <message>
              <![CDATA[no such element: Unable to locate element: {"method":"xpath","selector":"//div[contains(text(),'Institution')]"}
  (Session info: chrome=74.0.3729.131)
  (Driver info: chromedriver=2.46.628402 (536cd7adbad73a3783fdc2cab92ab2ba7ec361e1),platform=Windows NT 10.0.17763 x86_64) (WARNING: The server did not provide any stacktrace information)
Command duration or timeout: 0 milliseconds
For documentation on this error, please visit: http://seleniumhq.org/exceptions/no_such_element.html
Build info: version: '3.141.0', revision: '2ecb7d9a', time: '2018-10-31T20:09:30'
System info: host: 'DESKTOP-53AS3PC', ip: '192.168.0.34', os.name: 'Windows 10', os.arch: 'amd64', os.version: '10.0', java.version: '1.8.0_201'
Driver info: org.openqa.selenium.chrome.ChromeDriver
Capabilities {acceptInsecureCerts: false, acceptSslCerts: false, applicationCacheEnabled: false, browserConnectionEnabled: false, browserName: chrome, chrome: {chromedriverVersion: 2.46.628402 (536cd7adbad73a..., userDataDir: C:\Users\NANDHI~1\AppData\L...}, cssSelectorsEnabled: true, databaseEnabled: false, goog:chromeOptions: {debuggerAddress: localhost:53174}, handlesAlerts: true, hasTouchScreen: false, javascriptEnabled: true, locationContextEnabled: true, mobileEmulationEnabled: false, nativeEvents: true, networkConnectionEnabled: false, pageLoadStrategy: normal, platform: XP, platformName: XP, proxy: Proxy(), rotatable: false, setWindowRect: true, strictFileInteractability: false, takesHeapSnapshot: true, takesScreenshot: true, timeouts: {implicit: 0, pageLoad: 300000, script: 30000}, unexpectedAlertBehaviour: ignore, unhandledPromptBehavior: ignore, version: 74.0.3729.131, webStorageEnabled: true}
Session ID: 38d6e940fc2d1a688c01858f8238b940
*** Element info: {Using=xpath, value=//div[contains(text(),'Institution')]}]]>
            </message>
            <full-stacktrace>
              <![CDATA[org.openqa.selenium.NoSuchElementException: no such element: Unable to locate element: {"method":"xpath","selector":"//div[contains(text(),'Institution')]"}
  (Session info: chrome=74.0.3729.131)
  (Driver info: chromedriver=2.46.628402 (536cd7adbad73a3783fdc2cab92ab2ba7ec361e1),platform=Windows NT 10.0.17763 x86_64) (WARNING: The server did not provide any stacktrace information)
Command duration or timeout: 0 milliseconds
For documentation on this error, please visit: http://seleniumhq.org/exceptions/no_such_element.html
Build info: version: '3.141.0', revision: '2ecb7d9a', time: '2018-10-31T20:09:30'
System info: host: 'DESKTOP-53AS3PC', ip: '192.168.0.34', os.name: 'Windows 10', os.arch: 'amd64', os.version: '10.0', java.version: '1.8.0_201'
Driver info: org.openqa.selenium.chrome.ChromeDriver
Capabilities {acceptInsecureCerts: false, acceptSslCerts: false, applicationCacheEnabled: false, browserConnectionEnabled: false, browserName: chrome, chrome: {chromedriverVersion: 2.46.628402 (536cd7adbad73a..., userDataDir: C:\Users\NANDHI~1\AppData\L...}, cssSelectorsEnabled: true, databaseEnabled: false, goog:chromeOptions: {debuggerAddress: localhost:53174}, handlesAlerts: true, hasTouchScreen: false, javascriptEnabled: true, locationContextEnabled: true, mobileEmulationEnabled: false, nativeEvents: true, networkConnectionEnabled: false, pageLoadStrategy: normal, platform: XP, platformName: XP, proxy: Proxy(), rotatable: false, setWindowRect: true, strictFileInteractability: false, takesHeapSnapshot: true, takesScreenshot: true, timeouts: {implicit: 0, pageLoad: 300000, script: 30000}, unexpectedAlertBehaviour: ignore, unhandledPromptBehavior: ignore, version: 74.0.3729.131, webStorageEnabled: true}
Session ID: 38d6e940fc2d1a688c01858f8238b940
*** Element info: {Using=xpath, value=//div[contains(text(),'Institution')]}
at sun.reflect.NativeConstructorAccessorImpl.newInstance0(Native Method)
at sun.reflect.NativeConstructorAccessorImpl.newInstance(NativeConstructorAccessorImpl.java:62)
at sun.reflect.DelegatingConstructorAccessorImpl.newInstance(DelegatingConstructorAccessorImpl.java:45)
at java.lang.reflect.Constructor.newInstance(Constructor.java:423)
at org.openqa.selenium.remote.ErrorHandler.createThrowable(ErrorHandler.java:214)
at org.openqa.selenium.remote.ErrorHandler.throwIfResponseFailed(ErrorHandler.java:166)
at org.openqa.selenium.remote.http.JsonHttpResponseCodec.reconstructValue(JsonHttpResponseCodec.java:40)
at org.openqa.selenium.remote.http.AbstractHttpResponseCodec.decode(AbstractHttpResponseCodec.java:80)
at org.openqa.selenium.remote.http.AbstractHttpResponseCodec.decode(AbstractHttpResponseCodec.java:44)
at org.openqa.selenium.remote.HttpCommandExecutor.execute(HttpCommandExecutor.java:158)
at org.openqa.selenium.remote.service.DriverCommandExecutor.execute(DriverCommandExecutor.java:83)
at org.openqa.selenium.remote.RemoteWebDriver.execute(RemoteWebDriver.java:552)
at org.openqa.selenium.remote.RemoteWebDriver.findElement(RemoteWebDriver.java:323)
at org.openqa.selenium.remote.RemoteWebDriver.findElementByXPath(RemoteWebDriver.java:428)
at org.openqa.selenium.By$ByXPath.findElement(By.java:353)
at org.openqa.selenium.remote.RemoteWebDriver.findElement(RemoteWebDriver.java:315)
at org.openqa.selenium.support.pagefactory.DefaultElementLocator.findElement(DefaultElementLocator.java:69)
at org.openqa.selenium.support.pagefactory.internal.LocatingElementHandler.invoke(LocatingElementHandler.java:38)
at com.sun.proxy.$Proxy22.click(Unknown Source)
at twg.entaxy.pages.BrowserDashboard.setNewAccountInstitution(BrowserDashboard.java:105)
at twg.entaxy.pages.BrowserDashboard.createNewAccount(BrowserDashboard.java:149)
at twg.entaxy.tests.BrowserDashboardTest.newAccountDateValidation(BrowserDashboardTest.java:26)
at sun.reflect.NativeMethodAccessorImpl.invoke0(Native Method)
at sun.reflect.NativeMethodAccessorImpl.invoke(NativeMethodAccessorImpl.java:62)
at sun.reflect.DelegatingMethodAccessorImpl.invoke(DelegatingMethodAccessorImpl.java:43)
at java.lang.reflect.Method.invoke(Method.java:498)
at org.testng.internal.MethodInvocationHelper.invokeMethod(MethodInvocationHelper.java:124)
at org.testng.internal.Invoker.invokeMethod(Invoker.java:583)
at org.testng.internal.Invoker.invokeTestMethod(Invoker.java:719)
at org.testng.internal.Invoker.invokeTestMethods(Invoker.java:989)
at org.testng.internal.TestMethodWorker.invokeTestMethods(TestMethodWorker.java:125)
at org.testng.internal.TestMethodWorker.run(TestMethodWorker.java:109)
at org.testng.TestRunner.privateRun(TestRunner.java:648)
at org.testng.TestRunner.run(TestRunner.java:505)
at org.testng.SuiteRunner.runTest(SuiteRunner.java:455)
at org.testng.SuiteRunner.runSequentially(SuiteRunner.java:450)
at org.testng.SuiteRunner.privateRun(SuiteRunner.java:415)
at org.testng.SuiteRunner.run(SuiteRunner.java:364)
at org.testng.SuiteRunnerWorker.runSuite(SuiteRunnerWorker.java:52)
at org.testng.SuiteRunnerWorker.run(SuiteRunnerWorker.java:84)
at org.testng.TestNG.runSuitesSequentially(TestNG.java:1208)
at org.testng.TestNG.runSuitesLocally(TestNG.java:1137)
at org.testng.TestNG.runSuites(TestNG.java:1049)
at org.testng.TestNG.run(TestNG.java:1017)
at org.apache.maven.surefire.testng.TestNGExecutor.run(TestNGExecutor.java:283)
at org.apache.maven.surefire.testng.TestNGXmlTestSuite.execute(TestNGXmlTestSuite.java:75)
at org.apache.maven.surefire.testng.TestNGProvider.invoke(TestNGProvider.java:120)
at org.apache.maven.surefire.booter.ForkedBooter.invokeProviderInSameClassLoader(ForkedBooter.java:379)
at org.apache.maven.surefire.booter.ForkedBooter.runSuitesInProcess(ForkedBooter.java:340)
at org.apache.maven.surefire.booter.ForkedBooter.execute(ForkedBooter.java:125)
at org.apache.maven.surefire.booter.ForkedBooter.main(ForkedBooter.java:413)
]]>
            </full-stacktrace>
          </exception> <!-- org.openqa.selenium.NoSuchElementException -->
          <reporter-output>
          </reporter-output>
        </test-method> <!-- newAccountDateValidation -->
        <test-method status="PASS" signature="afterMethodInBaseTest()[pri:0, instance:twg.entaxy.tests.BrowserDashboardTest@3d36e4cd]" name="afterMethodInBaseTest" is-config="true" duration-ms="778" started-at="2019-05-10T17:05:26Z" finished-at="2019-05-10T17:05:27Z">
          <reporter-output>
          </reporter-output>
        </test-method> <!-- afterMethodInBaseTest -->
        <test-method status="PASS" signature="setUpInParent(java.lang.String)[pri:0, instance:twg.entaxy.tests.BrowserDashboardTest@3d36e4cd]" name="setUpInParent" is-config="true" duration-ms="5082" started-at="2019-05-10T17:05:27Z" finished-at="2019-05-10T17:05:32Z">
          <params>
            <param index="0">
              <value>
                <![CDATA[chrome]]>
              </value>
            </param>
          </params>
          <reporter-output>
          </reporter-output>
        </test-method> <!-- setUpInParent -->
        <test-method status="PASS" signature="beforeMethodInBrowserDashboard()[pri:0, instance:twg.entaxy.tests.BrowserDashboardTest@3d36e4cd]" name="beforeMethodInBrowserDashboard" is-config="true" duration-ms="4" started-at="2019-05-10T17:05:32Z" finished-at="2019-05-10T17:05:32Z">
          <reporter-output>
          </reporter-output>
        </test-method> <!-- beforeMethodInBrowserDashboard -->
        <test-method status="PASS" signature="testNegativeOpeningBalance()[pri:0, instance:twg.entaxy.tests.BrowserDashboardTest@3d36e4cd]" name="testNegativeOpeningBalance" duration-ms="3535" started-at="2019-05-10T17:05:32Z" finished-at="2019-05-10T17:05:36Z">
          <reporter-output>
          </reporter-output>
        </test-method> <!-- testNegativeOpeningBalance -->
        <test-method status="PASS" signature="afterMethodInBaseTest()[pri:0, instance:twg.entaxy.tests.BrowserDashboardTest@3d36e4cd]" name="afterMethodInBaseTest" is-config="true" duration-ms="870" started-at="2019-05-10T17:05:36Z" finished-at="2019-05-10T17:05:36Z">
          <reporter-output>
          </reporter-output>
        </test-method> <!-- afterMethodInBaseTest -->
        <test-method status="PASS" signature="setUpInParent(java.lang.String)[pri:0, instance:twg.entaxy.tests.BrowserDashboardTest@3d36e4cd]" name="setUpInParent" is-config="true" duration-ms="5287" started-at="2019-05-10T17:05:36Z" finished-at="2019-05-10T17:05:42Z">
          <params>
            <param index="0">
              <value>
                <![CDATA[chrome]]>
              </value>
            </param>
          </params>
          <reporter-output>
          </reporter-output>
        </test-method> <!-- setUpInParent -->
        <test-method status="PASS" signature="beforeMethodInBrowserDashboard()[pri:0, instance:twg.entaxy.tests.BrowserDashboardTest@3d36e4cd]" name="beforeMethodInBrowserDashboard" is-config="true" duration-ms="3" started-at="2019-05-10T17:05:42Z" finished-at="2019-05-10T17:05:42Z">
          <reporter-output>
          </reporter-output>
        </test-method> <!-- beforeMethodInBrowserDashboard -->
        <test-method status="PASS" signature="testSaveButtonEnableValidation()[pri:0, instance:twg.entaxy.tests.BrowserDashboardTest@3d36e4cd]" name="testSaveButtonEnableValidation" duration-ms="3865" started-at="2019-05-10T17:05:42Z" finished-at="2019-05-10T17:05:46Z">
          <reporter-output>
          </reporter-output>
        </test-method> <!-- testSaveButtonEnableValidation -->
        <test-method status="PASS" signature="afterMethodInBaseTest()[pri:0, instance:twg.entaxy.tests.BrowserDashboardTest@3d36e4cd]" name="afterMethodInBaseTest" is-config="true" duration-ms="859" started-at="2019-05-10T17:05:46Z" finished-at="2019-05-10T17:05:47Z">
          <reporter-output>
          </reporter-output>
        </test-method> <!-- afterMethodInBaseTest -->
        <test-method status="PASS" signature="setUpInParent(java.lang.String)[pri:0, instance:twg.entaxy.tests.BrowserDashboardTest@3d36e4cd]" name="setUpInParent" is-config="true" duration-ms="5335" started-at="2019-05-10T17:05:47Z" finished-at="2019-05-10T17:05:52Z">
          <params>
            <param index="0">
              <value>
                <![CDATA[chrome]]>
              </value>
            </param>
          </params>
          <reporter-output>
          </reporter-output>
        </test-method> <!-- setUpInParent -->
        <test-method status="PASS" signature="beforeMethodInBrowserDashboard()[pri:0, instance:twg.entaxy.tests.BrowserDashboardTest@3d36e4cd]" name="beforeMethodInBrowserDashboard" is-config="true" duration-ms="9" started-at="2019-05-10T17:05:52Z" finished-at="2019-05-10T17:05:52Z">
          <reporter-output>
          </reporter-output>
        </test-method> <!-- beforeMethodInBrowserDashboard -->
        <test-method status="PASS" signature="testTransactionDuplication()[pri:0, instance:twg.entaxy.tests.BrowserDashboardTest@3d36e4cd]" name="testTransactionDuplication" duration-ms="4723" started-at="2019-05-10T17:05:52Z" finished-at="2019-05-10T17:05:57Z">
          <reporter-output>
          </reporter-output>
        </test-method> <!-- testTransactionDuplication -->
        <test-method status="PASS" signature="afterMethodInBaseTest()[pri:0, instance:twg.entaxy.tests.BrowserDashboardTest@3d36e4cd]" name="afterMethodInBaseTest" is-config="true" duration-ms="862" started-at="2019-05-10T17:05:57Z" finished-at="2019-05-10T17:05:58Z">
          <reporter-output>
          </reporter-output>
        </test-method> <!-- afterMethodInBaseTest -->
      </class> <!-- twg.entaxy.tests.BrowserDashboardTest -->
      <class name="twg.entaxy.tests.LandingPageTest">
        <test-method status="PASS" signature="setUpInParent(java.lang.String)[pri:0, instance:twg.entaxy.tests.LandingPageTest@6a472554]" name="setUpInParent" is-config="true" duration-ms="5063" started-at="2019-05-10T17:05:58Z" finished-at="2019-05-10T17:06:03Z">
          <params>
            <param index="0">
              <value>
                <![CDATA[chrome]]>
              </value>
            </param>
          </params>
          <reporter-output>
          </reporter-output>
        </test-method> <!-- setUpInParent -->
        <test-method status="PASS" signature="beforeMethodInLandingPage()[pri:0, instance:twg.entaxy.tests.LandingPageTest@6a472554]" name="beforeMethodInLandingPage" is-config="true" duration-ms="5" started-at="2019-05-10T17:06:03Z" finished-at="2019-05-10T17:06:03Z">
          <reporter-output>
          </reporter-output>
        </test-method> <!-- beforeMethodInLandingPage -->
        <test-method status="PASS" signature="testFeedbackEmail()[pri:0, instance:twg.entaxy.tests.LandingPageTest@6a472554]" name="testFeedbackEmail" duration-ms="6084" started-at="2019-05-10T17:06:03Z" finished-at="2019-05-10T17:06:09Z">
          <reporter-output>
          </reporter-output>
        </test-method> <!-- testFeedbackEmail -->
        <test-method status="PASS" signature="afterMethodInBaseTest()[pri:0, instance:twg.entaxy.tests.LandingPageTest@6a472554]" name="afterMethodInBaseTest" is-config="true" duration-ms="808" started-at="2019-05-10T17:06:09Z" finished-at="2019-05-10T17:06:10Z">
          <reporter-output>
          </reporter-output>
        </test-method> <!-- afterMethodInBaseTest -->
      </class> <!-- twg.entaxy.tests.LandingPageTest -->
    </test> <!-- Test -->
  </suite> <!-- Suite -->
</testng-results>
