<?xml version="1.0" encoding="UTF-8"?>
<testng-results skipped="0" failed="0" total="7" passed="7">
  <reporter-output>
  </reporter-output>
  <suite name="Default suite" duration-ms="70274" started-at="2019-05-10T16:56:36Z" finished-at="2019-05-10T16:57:47Z">
    <groups>
    </groups>
    <test name="Default test" duration-ms="70274" started-at="2019-05-10T16:56:36Z" finished-at="2019-05-10T16:57:47Z">
      <class name="twg.entaxy.tests.BrowserDashboardTest">
        <test-method status="PASS" signature="setUpInParent(java.lang.String)[pri:0, instance:twg.entaxy.tests.BrowserDashboardTest@396a51ab]" name="setUpInParent" is-config="true" duration-ms="6159" started-at="2019-05-10T12:56:36Z" finished-at="2019-05-10T12:56:43Z">
          <params>
            <param index="0">
              <value>
                <![CDATA[chrome]]>
              </value>
            </param>
          </params>
          <reporter-output>
          </reporter-output>
        </test-method> <!-- setUpInParent -->
        <test-method status="PASS" signature="beforeMethodInBrowserDashboard()[pri:0, instance:twg.entaxy.tests.BrowserDashboardTest@396a51ab]" name="beforeMethodInBrowserDashboard" is-config="true" duration-ms="94" started-at="2019-05-10T12:56:43Z" finished-at="2019-05-10T12:56:43Z">
          <reporter-output>
          </reporter-output>
        </test-method> <!-- beforeMethodInBrowserDashboard -->
        <test-method status="PASS" signature="accountLastUpdatedDateValidation()[pri:0, instance:twg.entaxy.tests.BrowserDashboardTest@396a51ab]" name="accountLastUpdatedDateValidation" duration-ms="3671" started-at="2019-05-10T12:56:43Z" finished-at="2019-05-10T12:56:46Z">
          <reporter-output>
          </reporter-output>
        </test-method> <!-- accountLastUpdatedDateValidation -->
        <test-method status="PASS" signature="afterMethodInBaseTest()[pri:0, instance:twg.entaxy.tests.BrowserDashboardTest@396a51ab]" name="afterMethodInBaseTest" is-config="true" duration-ms="830" started-at="2019-05-10T12:56:46Z" finished-at="2019-05-10T12:56:47Z">
          <reporter-output>
          </reporter-output>
        </test-method> <!-- afterMethodInBaseTest -->
        <test-method status="PASS" signature="setUpInParent(java.lang.String)[pri:0, instance:twg.entaxy.tests.BrowserDashboardTest@396a51ab]" name="setUpInParent" is-config="true" duration-ms="5075" started-at="2019-05-10T12:56:47Z" finished-at="2019-05-10T12:56:52Z">
          <params>
            <param index="0">
              <value>
                <![CDATA[chrome]]>
              </value>
            </param>
          </params>
          <reporter-output>
          </reporter-output>
        </test-method> <!-- setUpInParent -->
        <test-method status="PASS" signature="beforeMethodInBrowserDashboard()[pri:0, instance:twg.entaxy.tests.BrowserDashboardTest@396a51ab]" name="beforeMethodInBrowserDashboard" is-config="true" duration-ms="2" started-at="2019-05-10T12:56:52Z" finished-at="2019-05-10T12:56:52Z">
          <reporter-output>
          </reporter-output>
        </test-method> <!-- beforeMethodInBrowserDashboard -->
        <test-method status="PASS" signature="accountNameValidation()[pri:0, instance:twg.entaxy.tests.BrowserDashboardTest@396a51ab]" name="accountNameValidation" duration-ms="3987" started-at="2019-05-10T12:56:52Z" finished-at="2019-05-10T12:56:56Z">
          <reporter-output>
          </reporter-output>
        </test-method> <!-- accountNameValidation -->
        <test-method status="PASS" signature="afterMethodInBaseTest()[pri:0, instance:twg.entaxy.tests.BrowserDashboardTest@396a51ab]" name="afterMethodInBaseTest" is-config="true" duration-ms="809" started-at="2019-05-10T12:56:56Z" finished-at="2019-05-10T12:56:57Z">
          <reporter-output>
          </reporter-output>
        </test-method> <!-- afterMethodInBaseTest -->
        <test-method status="PASS" signature="setUpInParent(java.lang.String)[pri:0, instance:twg.entaxy.tests.BrowserDashboardTest@396a51ab]" name="setUpInParent" is-config="true" duration-ms="5151" started-at="2019-05-10T12:56:57Z" finished-at="2019-05-10T12:57:02Z">
          <params>
            <param index="0">
              <value>
                <![CDATA[chrome]]>
              </value>
            </param>
          </params>
          <reporter-output>
          </reporter-output>
        </test-method> <!-- setUpInParent -->
        <test-method status="PASS" signature="beforeMethodInBrowserDashboard()[pri:0, instance:twg.entaxy.tests.BrowserDashboardTest@396a51ab]" name="beforeMethodInBrowserDashboard" is-config="true" duration-ms="9" started-at="2019-05-10T12:57:02Z" finished-at="2019-05-10T12:57:02Z">
          <reporter-output>
          </reporter-output>
        </test-method> <!-- beforeMethodInBrowserDashboard -->
        <test-method status="PASS" signature="importTransactionValidation()[pri:0, instance:twg.entaxy.tests.BrowserDashboardTest@396a51ab]" name="importTransactionValidation" duration-ms="3999" started-at="2019-05-10T12:57:02Z" finished-at="2019-05-10T12:57:06Z">
          <reporter-output>
          </reporter-output>
        </test-method> <!-- importTransactionValidation -->
        <test-method status="PASS" signature="afterMethodInBaseTest()[pri:0, instance:twg.entaxy.tests.BrowserDashboardTest@396a51ab]" name="afterMethodInBaseTest" is-config="true" duration-ms="825" started-at="2019-05-10T12:57:06Z" finished-at="2019-05-10T12:57:07Z">
          <reporter-output>
          </reporter-output>
        </test-method> <!-- afterMethodInBaseTest -->
        <test-method status="PASS" signature="setUpInParent(java.lang.String)[pri:0, instance:twg.entaxy.tests.BrowserDashboardTest@396a51ab]" name="setUpInParent" is-config="true" duration-ms="5021" started-at="2019-05-10T12:57:07Z" finished-at="2019-05-10T12:57:12Z">
          <params>
            <param index="0">
              <value>
                <![CDATA[chrome]]>
              </value>
            </param>
          </params>
          <reporter-output>
          </reporter-output>
        </test-method> <!-- setUpInParent -->
        <test-method status="PASS" signature="beforeMethodInBrowserDashboard()[pri:0, instance:twg.entaxy.tests.BrowserDashboardTest@396a51ab]" name="beforeMethodInBrowserDashboard" is-config="true" duration-ms="10" started-at="2019-05-10T12:57:12Z" finished-at="2019-05-10T12:57:12Z">
          <reporter-output>
          </reporter-output>
        </test-method> <!-- beforeMethodInBrowserDashboard -->
        <test-method status="PASS" signature="newAccountDateValidation()[pri:0, instance:twg.entaxy.tests.BrowserDashboardTest@396a51ab]" name="newAccountDateValidation" duration-ms="3715" started-at="2019-05-10T12:57:12Z" finished-at="2019-05-10T12:57:16Z">
          <reporter-output>
          </reporter-output>
        </test-method> <!-- newAccountDateValidation -->
        <test-method status="PASS" signature="afterMethodInBaseTest()[pri:0, instance:twg.entaxy.tests.BrowserDashboardTest@396a51ab]" name="afterMethodInBaseTest" is-config="true" duration-ms="778" started-at="2019-05-10T12:57:16Z" finished-at="2019-05-10T12:57:17Z">
          <reporter-output>
          </reporter-output>
        </test-method> <!-- afterMethodInBaseTest -->
        <test-method status="PASS" signature="setUpInParent(java.lang.String)[pri:0, instance:twg.entaxy.tests.BrowserDashboardTest@396a51ab]" name="setUpInParent" is-config="true" duration-ms="5489" started-at="2019-05-10T12:57:17Z" finished-at="2019-05-10T12:57:22Z">
          <params>
            <param index="0">
              <value>
                <![CDATA[chrome]]>
              </value>
            </param>
          </params>
          <reporter-output>
          </reporter-output>
        </test-method> <!-- setUpInParent -->
        <test-method status="PASS" signature="beforeMethodInBrowserDashboard()[pri:0, instance:twg.entaxy.tests.BrowserDashboardTest@396a51ab]" name="beforeMethodInBrowserDashboard" is-config="true" duration-ms="9" started-at="2019-05-10T12:57:22Z" finished-at="2019-05-10T12:57:22Z">
          <reporter-output>
          </reporter-output>
        </test-method> <!-- beforeMethodInBrowserDashboard -->
        <test-method status="PASS" signature="testNegativeOpeningBalance()[pri:0, instance:twg.entaxy.tests.BrowserDashboardTest@396a51ab]" name="testNegativeOpeningBalance" duration-ms="3576" started-at="2019-05-10T12:57:22Z" finished-at="2019-05-10T12:57:26Z">
          <reporter-output>
          </reporter-output>
        </test-method> <!-- testNegativeOpeningBalance -->
        <test-method status="PASS" signature="afterMethodInBaseTest()[pri:0, instance:twg.entaxy.tests.BrowserDashboardTest@396a51ab]" name="afterMethodInBaseTest" is-config="true" duration-ms="800" started-at="2019-05-10T12:57:26Z" finished-at="2019-05-10T12:57:26Z">
          <reporter-output>
          </reporter-output>
        </test-method> <!-- afterMethodInBaseTest -->
        <test-method status="PASS" signature="setUpInParent(java.lang.String)[pri:0, instance:twg.entaxy.tests.BrowserDashboardTest@396a51ab]" name="setUpInParent" is-config="true" duration-ms="5149" started-at="2019-05-10T12:57:26Z" finished-at="2019-05-10T12:57:32Z">
          <params>
            <param index="0">
              <value>
                <![CDATA[chrome]]>
              </value>
            </param>
          </params>
          <reporter-output>
          </reporter-output>
        </test-method> <!-- setUpInParent -->
        <test-method status="PASS" signature="beforeMethodInBrowserDashboard()[pri:0, instance:twg.entaxy.tests.BrowserDashboardTest@396a51ab]" name="beforeMethodInBrowserDashboard" is-config="true" duration-ms="1" started-at="2019-05-10T12:57:32Z" finished-at="2019-05-10T12:57:32Z">
          <reporter-output>
          </reporter-output>
        </test-method> <!-- beforeMethodInBrowserDashboard -->
        <test-method status="PASS" signature="testSaveButtonEnableValidation()[pri:0, instance:twg.entaxy.tests.BrowserDashboardTest@396a51ab]" name="testSaveButtonEnableValidation" duration-ms="3818" started-at="2019-05-10T12:57:32Z" finished-at="2019-05-10T12:57:35Z">
          <reporter-output>
          </reporter-output>
        </test-method> <!-- testSaveButtonEnableValidation -->
        <test-method status="PASS" signature="afterMethodInBaseTest()[pri:0, instance:twg.entaxy.tests.BrowserDashboardTest@396a51ab]" name="afterMethodInBaseTest" is-config="true" duration-ms="824" started-at="2019-05-10T12:57:35Z" finished-at="2019-05-10T12:57:36Z">
          <reporter-output>
          </reporter-output>
        </test-method> <!-- afterMethodInBaseTest -->
        <test-method status="PASS" signature="setUpInParent(java.lang.String)[pri:0, instance:twg.entaxy.tests.BrowserDashboardTest@396a51ab]" name="setUpInParent" is-config="true" duration-ms="5136" started-at="2019-05-10T12:57:36Z" finished-at="2019-05-10T12:57:41Z">
          <params>
            <param index="0">
              <value>
                <![CDATA[chrome]]>
              </value>
            </param>
          </params>
          <reporter-output>
          </reporter-output>
        </test-method> <!-- setUpInParent -->
        <test-method status="PASS" signature="beforeMethodInBrowserDashboard()[pri:0, instance:twg.entaxy.tests.BrowserDashboardTest@396a51ab]" name="beforeMethodInBrowserDashboard" is-config="true" duration-ms="1" started-at="2019-05-10T12:57:41Z" finished-at="2019-05-10T12:57:41Z">
          <reporter-output>
          </reporter-output>
        </test-method> <!-- beforeMethodInBrowserDashboard -->
        <test-method status="PASS" signature="testTransactionDuplication()[pri:0, instance:twg.entaxy.tests.BrowserDashboardTest@396a51ab]" name="testTransactionDuplication" duration-ms="4507" started-at="2019-05-10T12:57:41Z" finished-at="2019-05-10T12:57:46Z">
          <reporter-output>
          </reporter-output>
        </test-method> <!-- testTransactionDuplication -->
        <test-method status="PASS" signature="afterMethodInBaseTest()[pri:0, instance:twg.entaxy.tests.BrowserDashboardTest@396a51ab]" name="afterMethodInBaseTest" is-config="true" duration-ms="808" started-at="2019-05-10T12:57:46Z" finished-at="2019-05-10T12:57:47Z">
          <reporter-output>
          </reporter-output>
        </test-method> <!-- afterMethodInBaseTest -->
      </class> <!-- twg.entaxy.tests.BrowserDashboardTest -->
    </test> <!-- Default test -->
  </suite> <!-- Default suite -->
</testng-results>
